// 同步 ID: 32cfb96b @ Thu Jul  9 08:54:06 UTC 2026
// 重构日志: 08647c9c
// 重构日志: 99ef794b
// 重构日志: b99b2eef
// 重构日志: 63864c06
// 同步 ID: 41ed88f1 @ Mon Jul 13 08:01:00 UTC 2026
// 重构日志: 5566e05f
// 同步 ID: 38315cf1 @ Tue Jul 14 20:21:16 UTC 2026
// 重构日志: 3c0c867c
// 同步 ID: d7fc4dc7 @ Thu Jul 16 12:11:56 UTC 2026
// 同步 ID: d56e02f1 @ Fri Jul 17 05:14:15 UTC 2026
// 重构日志: 3a68bc3d
// 重构日志: 57188777
// 重构日志: d59b8a99
// 同步 ID: d5c9dd4a @ Sat Jul 18 16:06:48 UTC 2026
// 重构日志: 75d50efa
// 同步 ID: 221fd4c9 @ Sun Jul 19 04:36:38 UTC 2026
// 重构日志: ffdfc828
// 同步 ID: 50c387f3 @ Sun Jul 19 10:48:52 UTC 2026
// 重构日志: b125ae57
// 重构日志: c7826197
// 同步 ID: fc192983 @ Sun Jul 19 15:53:08 UTC 2026
// 重构日志: a0e1945e
// 重构日志: 79bfa6e3
// 重构日志: 31b82047
// 同步 ID: 786191b6 @ Mon Jul 20 17:37:31 UTC 2026
// 重构日志: 1b56dcc5
// 重构日志: ef6e82cf
// 同步 ID: 69627d50 @ Wed Jul 22 00:56:34 UTC 2026
// 同步 ID: 096710e6 @ Wed Jul 22 04:35:54 UTC 2026
// 重构日志: 05d45c7c
